2026-04-08 20:25:22,525 - config - INFO - Project configuration loaded and directories verified.
2026-04-08 20:27:58,536 - config - INFO - Project configuration loaded and directories verified.
2026-04-08 20:28:00,393 - __main__ - INFO - === Starting ProGrade ETL Pipeline ===
2026-04-08 20:28:00,393 - etl.extract - INFO - Starting extraction phase...
2026-04-08 20:28:00,462 - etl.extract - INFO - Extracted uci_student successfully: 649 rows, 33 columns.
2026-04-08 20:28:00,462 - etl.extract - INFO - Extracted uci_dropout successfully: 4424 rows, 37 columns.
2026-04-08 20:28:00,462 - etl.extract - INFO - Extracted kaggle successfully: 2392 rows, 15 columns.
2026-04-08 20:28:00,463 - etl.transform - INFO - Starting transformation phase...
2026-04-08 20:28:00,463 - etl.transform - INFO - Transforming dataset: uci_student...
2026-04-08 20:28:00,477 - etl.transform - INFO - Engineered risk labels for uci_student.
2026-04-08 20:28:00,487 - etl.transform - INFO - Transforming dataset: uci_dropout...
2026-04-08 20:28:00,493 - etl.transform - INFO - Transforming dataset: kaggle...
2026-04-08 20:28:00,498 - etl.transform - INFO - Transformation phase complete.
2026-04-08 20:28:00,498 - etl.load - INFO - Starting load phase...
2026-04-08 20:28:00,543 - etl.load - INFO - Load complete. DimStudent row count: 100
2026-04-08 20:28:00,544 - __main__ - INFO - === ETL Pipeline Completed Successfully ===
2026-04-08 20:40:45,941 - config - INFO - Project configuration loaded and directories verified.
2026-04-08 20:40:47,591 - __main__ - INFO - === Starting ProGrade ETL Pipeline ===
2026-04-08 20:40:47,591 - etl.extract - INFO - Starting extraction phase...
2026-04-08 20:40:47,622 - etl.extract - INFO - Extracted uci_student successfully: 649 rows, 33 columns.
2026-04-08 20:40:47,623 - etl.extract - INFO - Extracted uci_dropout successfully: 4424 rows, 37 columns.
2026-04-08 20:40:47,623 - etl.extract - INFO - Extracted kaggle successfully: 2392 rows, 15 columns.
2026-04-08 20:40:47,623 - etl.transform - INFO - Starting transformation phase...
2026-04-08 20:40:47,623 - etl.transform - INFO - Transforming dataset: uci_student...
2026-04-08 20:40:47,630 - etl.transform - INFO - Engineered risk labels for uci_student.
2026-04-08 20:40:47,638 - etl.transform - INFO - Transforming dataset: uci_dropout...
2026-04-08 20:40:47,643 - etl.transform - INFO - Transforming dataset: kaggle...
2026-04-08 20:40:47,649 - etl.transform - INFO - Transformation phase complete.
2026-04-08 20:40:47,650 - etl.load - INFO - Starting load phase...
2026-04-08 20:40:47,660 - etl.load - ERROR - Error during load: "['family_size', 'parent_edu', 'internet_access', 'paid_classes'] not in index"
2026-04-08 20:40:47,660 - __main__ - CRITICAL - Pipeline failed: "['family_size', 'parent_edu', 'internet_access', 'paid_classes'] not in index"
2026-04-08 20:44:08,029 - config - INFO - Project configuration loaded and directories verified.
2026-04-08 20:44:09,722 - __main__ - INFO - === Starting ProGrade ETL Pipeline ===
2026-04-08 20:44:09,722 - etl.extract - INFO - Starting extraction phase...
2026-04-08 20:44:09,750 - etl.extract - INFO - Extracted uci_student successfully: 649 rows, 33 columns.
2026-04-08 20:44:09,750 - etl.extract - INFO - Extracted uci_dropout successfully: 4424 rows, 37 columns.
2026-04-08 20:44:09,750 - etl.extract - INFO - Extracted kaggle successfully: 2392 rows, 15 columns.
2026-04-08 20:44:09,750 - etl.transform - INFO - Starting transformation phase...
2026-04-08 20:44:09,751 - etl.transform - INFO - Transforming dataset: uci_student...
2026-04-08 20:44:09,756 - etl.transform - INFO - Engineered risk labels for uci_student.
2026-04-08 20:44:09,759 - etl.transform - INFO - Transforming dataset: uci_dropout...
2026-04-08 20:44:09,768 - etl.transform - INFO - Transforming dataset: kaggle...
2026-04-08 20:44:09,771 - etl.transform - INFO - Transformation phase complete.
2026-04-08 20:44:09,772 - etl.load - INFO - Starting load phase...
2026-04-08 20:44:09,801 - etl.load - ERROR - Error during load: (sqlite3.OperationalError) no such table: dim_student
[SQL: INSERT INTO dim_student (age, sex, address) VALUES (?, ?, ?)]
[parameters: [(18.0, 'F', 'U'), (17.0, 'F', 'U'), (15.0, 'F', 'U'), (16.0, 'F', 'U'), (16.0, 'M', 'U'), (15.0, 'M', 'U'), (17.0, 'M', 'U'), (15.0, 'F', 'R')  ... displaying 10 of 28 total bound parameter sets ...  (20.0, 'M', 'R'), (nan, nan, nan)]]
(Background on this error at: https://sqlalche.me/e/20/e3q8)
2026-04-08 20:44:09,801 - __main__ - CRITICAL - Pipeline failed: (sqlite3.OperationalError) no such table: dim_student
[SQL: INSERT INTO dim_student (age, sex, address) VALUES (?, ?, ?)]
[parameters: [(18.0, 'F', 'U'), (17.0, 'F', 'U'), (15.0, 'F', 'U'), (16.0, 'F', 'U'), (16.0, 'M', 'U'), (15.0, 'M', 'U'), (17.0, 'M', 'U'), (15.0, 'F', 'R')  ... displaying 10 of 28 total bound parameter sets ...  (20.0, 'M', 'R'), (nan, nan, nan)]]
(Background on this error at: https://sqlalche.me/e/20/e3q8)
2026-04-08 20:45:11,187 - config - INFO - Project configuration loaded and directories verified.
2026-04-08 20:45:12,971 - __main__ - INFO - === Starting ProGrade ETL Pipeline ===
2026-04-08 20:45:12,971 - etl.extract - INFO - Starting extraction phase...
2026-04-08 20:45:12,996 - etl.extract - INFO - Extracted uci_student successfully: 649 rows, 33 columns.
2026-04-08 20:45:12,997 - etl.extract - INFO - Extracted uci_dropout successfully: 4424 rows, 37 columns.
2026-04-08 20:45:12,997 - etl.extract - INFO - Extracted kaggle successfully: 2392 rows, 15 columns.
2026-04-08 20:45:12,997 - etl.transform - INFO - Starting transformation phase...
2026-04-08 20:45:12,997 - etl.transform - INFO - Transforming dataset: uci_student...
2026-04-08 20:45:13,002 - etl.transform - INFO - Engineered risk labels for uci_student.
2026-04-08 20:45:13,007 - etl.transform - INFO - Transforming dataset: uci_dropout...
2026-04-08 20:45:13,017 - etl.transform - INFO - Transforming dataset: kaggle...
2026-04-08 20:45:13,022 - etl.transform - INFO - Transformation phase complete.
2026-04-08 20:45:13,022 - etl.load - INFO - Starting load phase...
2026-04-08 20:45:13,039 - etl.load - ERROR - Error during load: (sqlite3.OperationalError) no such table: dim_student
[SQL: INSERT INTO dim_student (age, sex, address) VALUES (?, ?, ?)]
[parameters: [(18.0, 'F', 'U'), (17.0, 'F', 'U'), (15.0, 'F', 'U'), (16.0, 'F', 'U'), (16.0, 'M', 'U'), (15.0, 'M', 'U'), (17.0, 'M', 'U'), (15.0, 'F', 'R')  ... displaying 10 of 28 total bound parameter sets ...  (20.0, 'M', 'R'), (nan, nan, nan)]]
(Background on this error at: https://sqlalche.me/e/20/e3q8)
2026-04-08 20:45:13,039 - __main__ - CRITICAL - Pipeline failed: (sqlite3.OperationalError) no such table: dim_student
[SQL: INSERT INTO dim_student (age, sex, address) VALUES (?, ?, ?)]
[parameters: [(18.0, 'F', 'U'), (17.0, 'F', 'U'), (15.0, 'F', 'U'), (16.0, 'F', 'U'), (16.0, 'M', 'U'), (15.0, 'M', 'U'), (17.0, 'M', 'U'), (15.0, 'F', 'R')  ... displaying 10 of 28 total bound parameter sets ...  (20.0, 'M', 'R'), (nan, nan, nan)]]
(Background on this error at: https://sqlalche.me/e/20/e3q8)
2026-04-08 20:45:34,443 - config - INFO - Project configuration loaded and directories verified.
2026-04-08 20:45:36,104 - __main__ - INFO - === Starting ProGrade ETL Pipeline ===
2026-04-08 20:45:36,104 - etl.extract - INFO - Starting extraction phase...
2026-04-08 20:45:36,137 - etl.extract - INFO - Extracted uci_student successfully: 649 rows, 33 columns.
2026-04-08 20:45:36,175 - etl.extract - INFO - Extracted uci_dropout successfully: 4424 rows, 37 columns.
2026-04-08 20:45:36,187 - etl.extract - INFO - Extracted kaggle successfully: 2392 rows, 15 columns.
2026-04-08 20:45:36,218 - etl.transform - INFO - Starting transformation phase...
2026-04-08 20:45:36,219 - etl.transform - INFO - Transforming dataset: uci_student...
2026-04-08 20:45:36,225 - etl.transform - INFO - Engineered risk labels for uci_student.
2026-04-08 20:45:36,232 - etl.transform - INFO - Transforming dataset: uci_dropout...
2026-04-08 20:45:36,238 - etl.transform - INFO - Transforming dataset: kaggle...
2026-04-08 20:45:36,244 - etl.transform - INFO - Transformation phase complete.
2026-04-08 20:45:36,245 - etl.load - INFO - Starting load phase...
2026-04-08 20:45:36,277 - etl.load - ERROR - Error during load: (sqlite3.OperationalError) no such table: dim_student
[SQL: INSERT INTO dim_student (age, sex, address) VALUES (?, ?, ?)]
[parameters: [(18.0, 'F', 'U'), (17.0, 'F', 'U'), (15.0, 'F', 'U'), (16.0, 'F', 'U'), (16.0, 'M', 'U'), (15.0, 'M', 'U'), (17.0, 'M', 'U'), (15.0, 'F', 'R')  ... displaying 10 of 28 total bound parameter sets ...  (20.0, 'M', 'R'), (nan, nan, nan)]]
(Background on this error at: https://sqlalche.me/e/20/e3q8)
2026-04-08 20:45:36,277 - __main__ - CRITICAL - Pipeline failed: (sqlite3.OperationalError) no such table: dim_student
[SQL: INSERT INTO dim_student (age, sex, address) VALUES (?, ?, ?)]
[parameters: [(18.0, 'F', 'U'), (17.0, 'F', 'U'), (15.0, 'F', 'U'), (16.0, 'F', 'U'), (16.0, 'M', 'U'), (15.0, 'M', 'U'), (17.0, 'M', 'U'), (15.0, 'F', 'R')  ... displaying 10 of 28 total bound parameter sets ...  (20.0, 'M', 'R'), (nan, nan, nan)]]
(Background on this error at: https://sqlalche.me/e/20/e3q8)
2026-04-08 20:47:09,556 - config - INFO - Project configuration loaded and directories verified.
2026-04-08 20:47:11,233 - __main__ - INFO - === Starting ProGrade ETL Pipeline ===
2026-04-08 20:47:11,233 - etl.extract - INFO - Starting extraction phase...
2026-04-08 20:47:11,257 - etl.extract - INFO - Extracted uci_student successfully: 649 rows, 33 columns.
2026-04-08 20:47:11,258 - etl.extract - INFO - Extracted uci_dropout successfully: 4424 rows, 37 columns.
2026-04-08 20:47:11,258 - etl.extract - INFO - Extracted kaggle successfully: 2392 rows, 15 columns.
2026-04-08 20:47:11,258 - etl.transform - INFO - Starting transformation phase...
2026-04-08 20:47:11,258 - etl.transform - INFO - Transforming dataset: uci_student...
2026-04-08 20:47:11,264 - etl.transform - INFO - Engineered risk labels for uci_student.
2026-04-08 20:47:11,267 - etl.transform - INFO - Transforming dataset: uci_dropout...
2026-04-08 20:47:11,271 - etl.transform - INFO - Transforming dataset: kaggle...
2026-04-08 20:47:11,279 - etl.transform - INFO - Transformation phase complete.
2026-04-08 20:47:11,279 - etl.load - INFO - Starting load phase...
2026-04-08 20:47:11,355 - etl.load - INFO - Load complete. DimStudent row count: 28
2026-04-08 20:47:11,356 - __main__ - INFO - === ETL Pipeline Completed Successfully ===
2026-04-08 21:10:38,000 - config - INFO - Project configuration loaded and directories verified.
2026-04-08 21:10:39,637 - __main__ - INFO - === Starting ProGrade ETL Pipeline ===
2026-04-08 21:10:39,638 - etl.extract - INFO - Starting extraction phase...
2026-04-08 21:10:39,669 - etl.extract - INFO - Extracted uci_student successfully: 649 rows, 33 columns.
2026-04-08 21:10:39,669 - etl.extract - INFO - Extracted uci_dropout successfully: 4424 rows, 37 columns.
2026-04-08 21:10:39,669 - etl.extract - INFO - Extracted kaggle successfully: 2392 rows, 15 columns.
2026-04-08 21:10:39,670 - etl.transform - INFO - Starting transformation phase...
2026-04-08 21:10:39,670 - etl.transform - INFO - Transforming dataset: uci_student...
2026-04-08 21:10:39,675 - etl.transform - INFO - Engineered risk labels for uci_student.
2026-04-08 21:10:39,678 - etl.transform - INFO - Transforming dataset: uci_dropout...
2026-04-08 21:10:39,683 - etl.transform - INFO - Transforming dataset: kaggle...
2026-04-08 21:10:39,690 - etl.transform - INFO - Transformation phase complete.
2026-04-08 21:10:39,690 - etl.load - INFO - Starting load phase...
2026-04-08 21:10:39,957 - etl.load - INFO - Loading 7465 unified rows into Dimensions and Fact table...
2026-04-08 21:10:45,184 - etl.load - INFO - Load complete! Star Schema is fully populated.
2026-04-08 21:10:45,197 - __main__ - INFO - === ETL Pipeline Completed Successfully ===
